<?xml version="1.0" encoding="UTF-8"?>
<testng-results total="1" passed="1" failed="0" skipped="0">
  <reporter-output>
  </reporter-output>
  <suite started-at="2024-08-09T20:48:44Z" name="Surefire suite" finished-at="2024-08-09T20:48:44Z" duration-ms="16">
    <groups>
    </groups>
    <test started-at="2024-08-09T20:48:44Z" name="Surefire test" finished-at="2024-08-09T20:48:44Z" duration-ms="16">
      <class name="test.com.itexps.BankTest">
        <test-method is-config="true" signature="setUpClass()[pri:0, instance:test.com.itexps.BankTest@57f23557]" started-at="2024-08-09T15:48:44Z" name="setUpClass" finished-at="2024-08-09T15:48:44Z" duration-ms="16" status="PASS">
          <reporter-output>
          </reporter-output>
        </test-method> <!-- setUpClass -->
        <test-method is-config="true" signature="setUpMethod()[pri:0, instance:test.com.itexps.BankTest@57f23557]" started-at="2024-08-09T15:48:44Z" name="setUpMethod" finished-at="2024-08-09T15:48:44Z" duration-ms="0" status="PASS">
          <reporter-output>
          </reporter-output>
        </test-method> <!-- setUpMethod -->
        <test-method is-config="true" signature="tearDownClass()[pri:0, instance:test.com.itexps.BankTest@57f23557]" started-at="2024-08-09T15:48:44Z" name="tearDownClass" finished-at="2024-08-09T15:48:44Z" duration-ms="0" status="PASS">
          <reporter-output>
          </reporter-output>
        </test-method> <!-- tearDownClass -->
        <test-method signature="testBankName()[pri:0, instance:test.com.itexps.BankTest@57f23557]" started-at="2024-08-09T15:48:44Z" name="testBankName" finished-at="2024-08-09T15:48:44Z" duration-ms="0" status="PASS">
          <reporter-output>
          </reporter-output>
        </test-method> <!-- testBankName -->
        <test-method is-config="true" signature="tearDownMethod()[pri:0, instance:test.com.itexps.BankTest@57f23557]" started-at="2024-08-09T15:48:44Z" name="tearDownMethod" finished-at="2024-08-09T15:48:44Z" duration-ms="0" status="PASS">
          <reporter-output>
          </reporter-output>
        </test-method> <!-- tearDownMethod -->
      </class> <!-- test.com.itexps.BankTest -->
    </test> <!-- Surefire test -->
  </suite> <!-- Surefire suite -->
</testng-results>
